# JRE version: OpenJDK Runtime Environment (11.0.27+6) (build 11.0.27+6-post-Ubuntu-0ubuntu124.04)
# Java VM: OpenJDK 64-Bit Server VM (11.0.27+6-post-Ubuntu-0ubuntu124.04, mixed mode, sharing, tiered, compressed oops, g1 gc, linux-amd64)
Heap:
 garbage-first heap   total 208896K, used 23341K [0x0000000680000000, 0x0000000800000000)
  region size 1024K, 8 young (8192K), 6 survivors (6144K)
 Metaspace       used 34936K, capacity 36071K, committed 36252K, reserved 1079296K
  class space    used 5395K, capacity 5870K, committed 5920K, reserved 1048576K
GC Heap History (20 events):
Event: 2.805 GC heap before
{Heap before GC invocations=7 (full 0):
 garbage-first heap   total 144384K, used 94430K [0x0000000680000000, 0x0000000800000000)
  region size 1024K, 77 young (78848K), 5 survivors (5120K)
 Metaspace       used 33135K, capacity 34028K, committed 34224K, reserved 1079296K
  class space    used 5020K, capacity 5353K, committed 5376K, reserved 1048576K
}
Event: 2.809 GC heap after
{Heap after GC invocations=8 (full 0):
 garbage-first heap   total 144384K, used 20560K [0x0000000680000000, 0x0000000800000000)
  region size 1024K, 5 young (5120K), 5 survivors (5120K)
 Metaspace       used 33135K, capacity 34028K, committed 34224K, reserved 1079296K
  class space    used 5020K, capacity 5353K, committed 5376K, reserved 1048576K
}
Event: 2.909 GC heap before
{Heap before GC invocations=8 (full 0):
 garbage-first heap   total 144384K, used 101456K [0x0000000680000000, 0x0000000800000000)
  region size 1024K, 84 young (86016K), 5 survivors (5120K)
 Metaspace       used 33136K, capacity 34028K, committed 34224K, reserved 1079296K
  class space    used 5020K, capacity 5353K, committed 5376K, reserved 1048576K
}
Event: 2.912 GC heap after
{Heap after GC invocations=9 (full 0):
 garbage-first heap   total 144384K, used 20497K [0x0000000680000000, 0x0000000800000000)
  region size 1024K, 5 young (5120K), 5 survivors (5120K)
 Metaspace       used 33136K, capacity 34028K, committed 34224K, reserved 1079296K
  class space    used 5020K, capacity 5353K, committed 5376K, reserved 1048576K
}
Event: 3.012 GC heap before
{Heap before GC invocations=9 (full 0):
 garbage-first heap   total 144384K, used 101393K [0x0000000680000000, 0x0000000800000000)
  region size 1024K, 84 young (86016K), 5 survivors (5120K)
 Metaspace       used 33136K, capacity 34028K, committed 34224K, reserved 1079296K
  class space    used 5020K, capacity 5353K, committed 5376K, reserved 1048576K
}
Event: 3.016 GC heap after
{Heap after GC invocations=10 (full 0):
 garbage-first heap   total 144384K, used 20490K [0x0000000680000000, 0x0000000800000000)
  region size 1024K, 5 young (5120K), 5 survivors (5120K)
 Metaspace       used 33136K, capacity 34028K, committed 34224K, reserved 1079296K
  class space    used 5020K, capacity 5353K, committed 5376K, reserved 1048576K
}
Event: 3.115 GC heap before
{Heap before GC invocations=10 (full 0):
 garbage-first heap   total 144384K, used 101386K [0x0000000680000000, 0x0000000800000000)
  region size 1024K, 84 young (86016K), 5 survivors (5120K)
 Metaspace       used 33138K, capacity 34028K, committed 34224K, reserved 1079296K
  class space    used 5020K, capacity 5353K, committed 5376K, reserved 1048576K
}
Event: 3.120 GC heap after
{Heap after GC invocations=11 (full 0):
 garbage-first heap   total 174080K, used 20693K [0x0000000680000000, 0x0000000800000000)
  region size 1024K, 5 young (5120K), 5 survivors (5120K)
 Metaspace       used 33138K, capacity 34028K, committed 34224K, reserved 1079296K
  class space    used 5020K, capacity 5353K, committed 5376K, reserved 1048576K
}
Event: 3.252 GC heap before
{Heap before GC invocations=11 (full 0):
 garbage-first heap   total 174080K, used 120021K [0x0000000680000000, 0x0000000800000000)
  region size 1024K, 102 young (104448K), 5 survivors (5120K)
 Metaspace       used 33138K, capacity 34028K, committed 34224K, reserved 1079296K
  class space    used 5020K, capacity 5353K, committed 5376K, reserved 1048576K
}
Event: 3.257 GC heap after
{Heap after GC invocations=12 (full 0):
 garbage-first heap   total 174080K, used 20748K [0x0000000680000000, 0x0000000800000000)
  region size 1024K, 5 young (5120K), 5 survivors (5120K)
 Metaspace       used 33138K, capacity 34028K, committed 34224K, reserved 1079296K
  class space    used 5020K, capacity 5353K, committed 5376K, reserved 1048576K
}
Event: 3.380 GC heap before
{Heap before GC invocations=12 (full 0):
 garbage-first heap   total 174080K, used 120076K [0x0000000680000000, 0x0000000800000000)
  region size 1024K, 102 young (104448K), 5 survivors (5120K)
 Metaspace       used 33140K, capacity 34033K, committed 34224K, reserved 1079296K
  class space    used 5020K, capacity 5353K, committed 5376K, reserved 1048576K
}
Event: 3.385 GC heap after
{Heap after GC invocations=13 (full 0):
 garbage-first heap   total 174080K, used 20913K [0x0000000680000000, 0x0000000800000000)
  region size 1024K, 5 young (5120K), 5 survivors (5120K)
 Metaspace       used 33140K, capacity 34033K, committed 34224K, reserved 1079296K
  class space    used 5020K, capacity 5353K, committed 5376K, reserved 1048576K
}
Event: 3.508 GC heap before
{Heap before GC invocations=13 (full 0):
 garbage-first heap   total 174080K, used 120241K [0x0000000680000000, 0x0000000800000000)
  region size 1024K, 102 young (104448K), 5 survivors (5120K)
 Metaspace       used 33140K, capacity 34033K, committed 34224K, reserved 1079296K
  class space    used 5020K, capacity 5353K, committed 5376K, reserved 1048576K
}
Event: 3.514 GC heap after
{Heap after GC invocations=14 (full 0):
 garbage-first heap   total 174080K, used 20767K [0x0000000680000000, 0x0000000800000000)
  region size 1024K, 5 young (5120K), 5 survivors (5120K)
 Metaspace       used 33140K, capacity 34033K, committed 34224K, reserved 1079296K
  class space    used 5020K, capacity 5353K, committed 5376K, reserved 1048576K
}
Event: 3.636 GC heap before
{Heap before GC invocations=14 (full 0):
 garbage-first heap   total 174080K, used 120095K [0x0000000680000000, 0x0000000800000000)
  region size 1024K, 102 young (104448K), 5 survivors (5120K)
 Metaspace       used 33140K, capacity 34033K, committed 34224K, reserved 1079296K
  class space    used 5020K, capacity 5353K, committed 5376K, reserved 1048576K
}
Event: 3.640 GC heap after
{Heap after GC invocations=15 (full 0):
 garbage-first heap   total 208896K, used 20945K [0x0000000680000000, 0x0000000800000000)
  region size 1024K, 5 young (5120K), 5 survivors (5120K)
 Metaspace       used 33140K, capacity 34033K, committed 34224K, reserved 1079296K
  class space    used 5020K, capacity 5353K, committed 5376K, reserved 1048576K
}
Event: 3.798 GC heap before
{Heap before GC invocations=15 (full 0):
 garbage-first heap   total 208896K, used 140753K [0x0000000680000000, 0x0000000800000000)
  region size 1024K, 122 young (124928K), 5 survivors (5120K)
 Metaspace       used 33140K, capacity 34033K, committed 34224K, reserved 1079296K
  class space    used 5020K, capacity 5353K, committed 5376K, reserved 1048576K
}
Event: 3.804 GC heap after
{Heap after GC invocations=16 (full 0):
 garbage-first heap   total 208896K, used 21123K [0x0000000680000000, 0x0000000800000000)
  region size 1024K, 5 young (5120K), 5 survivors (5120K)
 Metaspace       used 33140K, capacity 34033K, committed 34224K, reserved 1079296K
  class space    used 5020K, capacity 5353K, committed 5376K, reserved 1048576K
}
Event: 4.149 GC heap before
{Heap before GC invocations=16 (full 0):
 garbage-first heap   total 208896K, used 96899K [0x0000000680000000, 0x0000000800000000)
  region size 1024K, 80 young (81920K), 5 survivors (5120K)
 Metaspace       used 34782K, capacity 35864K, committed 35920K, reserved 1079296K
  class space    used 5358K, capacity 5792K, committed 5792K, reserved 1048576K
}
Event: 4.159 GC heap after
{Heap after GC invocations=17 (full 0):
 garbage-first heap   total 208896K, used 22317K [0x0000000680000000, 0x0000000800000000)
  region size 1024K, 6 young (6144K), 6 survivors (6144K)
 Metaspace       used 34782K, capacity 35864K, committed 35920K, reserved 1079296K
  class space    used 5358K, capacity 5792K, committed 5792K, reserved 1048576K
}

