# JRE version: OpenJDK Runtime Environment (11.0.27+6) (build 11.0.27+6-post-Ubuntu-0ubuntu124.04)
# Java VM: OpenJDK 64-Bit Server VM (11.0.27+6-post-Ubuntu-0ubuntu124.04, mixed mode, sharing, tiered, compressed oops, g1 gc, linux-amd64)
Heap:
 garbage-first heap   total 116736K, used 39366K [0x0000000680000000, 0x0000000800000000)
  region size 1024K, 30 young (30720K), 3 survivors (3072K)
 Metaspace       used 20200K, capacity 20857K, committed 21120K, reserved 1067008K
  class space    used 3225K, capacity 3444K, committed 3456K, reserved 1048576K
GC Heap History (6 events):
Event: 0.467 GC heap before
{Heap before GC invocations=0 (full 0):
 garbage-first heap   total 116736K, used 29392K [0x0000000680000000, 0x0000000800000000)
  region size 1024K, 14 young (14336K), 0 survivors (0K)
 Metaspace       used 7596K, capacity 7961K, committed 8064K, reserved 1056768K
  class space    used 916K, capacity 1069K, committed 1152K, reserved 1048576K
}
Event: 0.473 GC heap after
{Heap after GC invocations=1 (full 0):
 garbage-first heap   total 116736K, used 10215K [0x0000000680000000, 0x0000000800000000)
  region size 1024K, 2 young (2048K), 2 survivors (2048K)
 Metaspace       used 7596K, capacity 7961K, committed 8064K, reserved 1056768K
  class space    used 916K, capacity 1069K, committed 1152K, reserved 1048576K
}
Event: 0.629 GC heap before
{Heap before GC invocations=1 (full 0):
 garbage-first heap   total 116736K, used 21479K [0x0000000680000000, 0x0000000800000000)
  region size 1024K, 13 young (13312K), 2 survivors (2048K)
 Metaspace       used 11712K, capacity 12200K, committed 12416K, reserved 1058816K
  class space    used 2138K, capacity 2312K, committed 2432K, reserved 1048576K
}
Event: 0.638 GC heap after
{Heap after GC invocations=2 (full 0):
 garbage-first heap   total 116736K, used 11412K [0x0000000680000000, 0x0000000800000000)
  region size 1024K, 2 young (2048K), 2 survivors (2048K)
 Metaspace       used 11712K, capacity 12200K, committed 12416K, reserved 1058816K
  class space    used 2138K, capacity 2312K, committed 2432K, reserved 1048576K
}
Event: 0.903 GC heap before
{Heap before GC invocations=2 (full 0):
 garbage-first heap   total 116736K, used 31892K [0x0000000680000000, 0x0000000800000000)
  region size 1024K, 23 young (23552K), 2 survivors (2048K)
 Metaspace       used 18263K, capacity 18866K, committed 19072K, reserved 1064960K
  class space    used 2939K, capacity 3144K, committed 3200K, reserved 1048576K
}
Event: 0.908 GC heap after
{Heap after GC invocations=3 (full 0):
 garbage-first heap   total 116736K, used 12742K [0x0000000680000000, 0x0000000800000000)
  region size 1024K, 3 young (3072K), 3 survivors (3072K)
 Metaspace       used 18263K, capacity 18866K, committed 19072K, reserved 1064960K
  class space    used 2939K, capacity 3144K, committed 3200K, reserved 1048576K
}

