# JRE version: OpenJDK Runtime Environment (11.0.27+6) (build 11.0.27+6-post-Ubuntu-0ubuntu124.04)
# Java VM: OpenJDK 64-Bit Server VM (11.0.27+6-post-Ubuntu-0ubuntu124.04, mixed mode, sharing, tiered, compressed oops, g1 gc, linux-amd64)
Heap:
 garbage-first heap   total 160768K, used 72002K [0x0000000680000000, 0x0000000800000000)
  region size 1024K, 39 young (39936K), 5 survivors (5120K)
 Metaspace       used 31754K, capacity 32556K, committed 32816K, reserved 1077248K
  class space    used 4824K, capacity 5121K, committed 5248K, reserved 1048576K
GC Heap History (16 events):
Event: 0.490 GC heap before
{Heap before GC invocations=0 (full 0):
 garbage-first heap   total 116736K, used 29392K [0x0000000680000000, 0x0000000800000000)
  region size 1024K, 14 young (14336K), 0 survivors (0K)
 Metaspace       used 7569K, capacity 7961K, committed 8064K, reserved 1056768K
  class space    used 914K, capacity 1069K, committed 1152K, reserved 1048576K
}
Event: 0.498 GC heap after
{Heap after GC invocations=1 (full 0):
 garbage-first heap   total 116736K, used 10248K [0x0000000680000000, 0x0000000800000000)
  region size 1024K, 2 young (2048K), 2 survivors (2048K)
 Metaspace       used 7569K, capacity 7961K, committed 8064K, reserved 1056768K
  class space    used 914K, capacity 1069K, committed 1152K, reserved 1048576K
}
Event: 0.656 GC heap before
{Heap before GC invocations=1 (full 0):
 garbage-first heap   total 116736K, used 21512K [0x0000000680000000, 0x0000000800000000)
  region size 1024K, 13 young (13312K), 2 survivors (2048K)
 Metaspace       used 11702K, capacity 12192K, committed 12416K, reserved 1058816K
  class space    used 2138K, capacity 2312K, committed 2432K, reserved 1048576K
}
Event: 0.665 GC heap after
{Heap after GC invocations=2 (full 0):
 garbage-first heap   total 116736K, used 11426K [0x0000000680000000, 0x0000000800000000)
  region size 1024K, 2 young (2048K), 2 survivors (2048K)
 Metaspace       used 11702K, capacity 12192K, committed 12416K, reserved 1058816K
  class space    used 2138K, capacity 2312K, committed 2432K, reserved 1048576K
}
Event: 0.941 GC heap before
{Heap before GC invocations=2 (full 0):
 garbage-first heap   total 116736K, used 31906K [0x0000000680000000, 0x0000000800000000)
  region size 1024K, 23 young (23552K), 2 survivors (2048K)
 Metaspace       used 18372K, capacity 18971K, committed 19072K, reserved 1064960K
  class space    used 2954K, capacity 3182K, committed 3200K, reserved 1048576K
}
Event: 0.948 GC heap after
{Heap after GC invocations=3 (full 0):
 garbage-first heap   total 116736K, used 12869K [0x0000000680000000, 0x0000000800000000)
  region size 1024K, 3 young (3072K), 3 survivors (3072K)
 Metaspace       used 18372K, capacity 18971K, committed 19072K, reserved 1064960K
  class space    used 2954K, capacity 3182K, committed 3200K, reserved 1048576K
}
Event: 1.521 GC heap before
{Heap before GC invocations=3 (full 0):
 garbage-first heap   total 116736K, used 69189K [0x0000000680000000, 0x0000000800000000)
  region size 1024K, 58 young (59392K), 3 survivors (3072K)
 Metaspace       used 19375K, capacity 20026K, committed 20224K, reserved 1067008K
  class space    used 3024K, capacity 3251K, committed 3328K, reserved 1048576K
}
Event: 1.538 GC heap after
{Heap after GC invocations=4 (full 0):
 garbage-first heap   total 116736K, used 24022K [0x0000000680000000, 0x0000000800000000)
  region size 1024K, 8 young (8192K), 8 survivors (8192K)
 Metaspace       used 19375K, capacity 20026K, committed 20224K, reserved 1067008K
  class space    used 3024K, capacity 3251K, committed 3328K, reserved 1048576K
}
Event: 1.812 GC heap before
{Heap before GC invocations=4 (full 0):
 garbage-first heap   total 116736K, used 70102K [0x0000000680000000, 0x0000000800000000)
  region size 1024K, 53 young (54272K), 8 survivors (8192K)
 Metaspace       used 19698K, capacity 20364K, committed 20480K, reserved 1067008K
  class space    used 3090K, capacity 3322K, committed 3328K, reserved 1048576K
}
Event: 1.834 GC heap after
{Heap after GC invocations=5 (full 0):
 garbage-first heap   total 160768K, used 32292K [0x0000000680000000, 0x0000000800000000)
  region size 1024K, 7 young (7168K), 7 survivors (7168K)
 Metaspace       used 19698K, capacity 20364K, committed 20480K, reserved 1067008K
  class space    used 3090K, capacity 3322K, committed 3328K, reserved 1048576K
}
Event: 1.863 GC heap before
{Heap before GC invocations=5 (full 0):
 garbage-first heap   total 160768K, used 42532K [0x0000000680000000, 0x0000000800000000)
  region size 1024K, 17 young (17408K), 7 survivors (7168K)
 Metaspace       used 19698K, capacity 20364K, committed 20480K, reserved 1067008K
  class space    used 3090K, capacity 3322K, committed 3328K, reserved 1048576K
}
Event: 1.871 GC heap after
{Heap after GC invocations=6 (full 0):
 garbage-first heap   total 160768K, used 33488K [0x0000000680000000, 0x0000000800000000)
  region size 1024K, 1 young (1024K), 1 survivors (1024K)
 Metaspace       used 19698K, capacity 20364K, committed 20480K, reserved 1067008K
  class space    used 3090K, capacity 3322K, committed 3328K, reserved 1048576K
}
Event: 2.049 GC heap before
{Heap before GC invocations=6 (full 0):
 garbage-first heap   total 160768K, used 72400K [0x0000000680000000, 0x0000000800000000)
  region size 1024K, 39 young (39936K), 1 survivors (1024K)
 Metaspace       used 20009K, capacity 20707K, committed 20864K, reserved 1067008K
  class space    used 3154K, capacity 3394K, committed 3456K, reserved 1048576K
}
Event: 2.059 GC heap after
{Heap after GC invocations=7 (full 0):
 garbage-first heap   total 160768K, used 35536K [0x0000000680000000, 0x0000000800000000)
  region size 1024K, 3 young (3072K), 3 survivors (3072K)
 Metaspace       used 20009K, capacity 20707K, committed 20864K, reserved 1067008K
  class space    used 3154K, capacity 3394K, committed 3456K, reserved 1048576K
}
Event: 2.257 GC heap before
{Heap before GC invocations=7 (full 0):
 garbage-first heap   total 160768K, used 58064K [0x0000000680000000, 0x0000000800000000)
  region size 1024K, 26 young (26624K), 3 survivors (3072K)
 Metaspace       used 20547K, capacity 21170K, committed 21296K, reserved 1067008K
  class space    used 3201K, capacity 3421K, committed 3456K, reserved 1048576K
}
Event: 2.264 GC heap after
{Heap after GC invocations=8 (full 0):
 garbage-first heap   total 160768K, used 39234K [0x0000000680000000, 0x0000000800000000)
  region size 1024K, 5 young (5120K), 5 survivors (5120K)
 Metaspace       used 20547K, capacity 21170K, committed 21296K, reserved 1067008K
  class space    used 3201K, capacity 3421K, committed 3456K, reserved 1048576K
}

